<?xml version="1.0" encoding="UTF-8"?>
<!-- Generated by org.testng.reporters.JUnitReportReporter -->
<testsuite skipped="0" hostname="tm1" name="com.Testcases.LoginTest" tests="1" failures="0" timestamp="09 Jan 2018 15:00:02 GMT" time="0.032" errors="0">
  <testcase name="User_Login" time="0.032" classname="com.Testcases.LoginTest"/>
</testsuite> <!-- com.Testcases.LoginTest -->
