<?xml version="1.0" encoding="UTF-8"?>
<!-- Generated by org.testng.reporters.JUnitReportReporter -->
<testsuite skipped="0" hostname="tm1" name="com.Testcases.LoginTest" tests="1" failures="0" timestamp="03 Feb 2018 02:03:03 GMT" time="11.083" errors="0">
  <testcase name="User_Login" time="11.083" classname="com.Testcases.LoginTest"/>
</testsuite> <!-- com.Testcases.LoginTest -->
