<?xml version="1.0" encoding="UTF-8"?>
<!-- Generated by org.testng.reporters.JUnitReportReporter -->
<testsuite skipped="0" hostname="tm1" name="com.Testcases.LoginTest" tests="1" failures="0" timestamp="30 Jan 2018 04:13:44 GMT" time="26.127" errors="0">
  <testcase name="User_Login" time="26.127" classname="com.Testcases.LoginTest"/>
</testsuite> <!-- com.Testcases.LoginTest -->
