<?xml version="1.0" encoding="UTF-8"?>
<!-- Generated by org.testng.reporters.JUnitReportReporter -->
<testsuite skipped="0" hostname="tm1" name="com.Testcases.LoginTest" tests="1" failures="0" timestamp="03 Feb 2018 03:19:55 GMT" time="29.539" errors="0">
  <testcase name="User_Login" time="29.539" classname="com.Testcases.LoginTest"/>
</testsuite> <!-- com.Testcases.LoginTest -->
